<?xml version="1.0" encoding="UTF-8"?>
<!-- Generated by org.testng.reporters.JUnitXMLReporter -->
<testsuite ignored="0" hostname="MyRihan" failures="3" tests="4" name="Test" time="148.251" errors="0" timestamp="2024-11-14T18:08:40 IST">
  <testcase classname="Test.TestCase4" name="wishlist" time="27.297">
    <failure type="org.openqa.selenium.ElementClickInterceptedException" message="element click intercepted: Element &amp;lt;span id=&amp;quot;submit.add-to-cart&amp;quot; class=&amp;quot;a-button a-spacing-small a-button-primary a-button-icon&amp;quot;&amp;gt;...&amp;lt;/span&amp;gt; is not clickable at point (1253, 585). Other element would receive the click: &amp;lt;div class=&amp;quot;a-modal-scroller a-declarative&amp;quot; data-action=&amp;quot;a-popover-floating-close&amp;quot; style=&amp;quot;padding-bottom: 1px; visibility: visible;&amp;quot;&amp;gt;...&amp;lt;/div&amp;gt;
  (Session info: MicrosoftEdge=130.0.2849.80)
Build info: version: &amp;apos;4.25.0&amp;apos;, revision: &amp;apos;8a8aea2337&amp;apos;
System info: os.name: &amp;apos;Windows 10&amp;apos;, os.arch: &amp;apos;amd64&amp;apos;, os.version: &amp;apos;10.0&amp;apos;, java.version: &amp;apos;22.0.1&amp;apos;
Driver info: org.openqa.selenium.edge.EdgeDriver
Command: [8532af3d07c6deaebc1c92a714f08d6d, clickElement {id=f.E6A3E49586E7D253B0EDCF777A3D3AC5.d.6A1AF9C14F993F9C65B188775BD04D0E.e.115}]
Capabilities {acceptInsecureCerts: false, browserName: MicrosoftEdge, browserVersion: 130.0.2849.80, fedcm:accounts: true, ms:edgeOptions: {debuggerAddress: localhost:50916}, msedge: {msedgedriverVersion: 130.0.2849.80 (bbf5e2881b22..., userDataDir: C:\Users\Admin\AppData\Loca...}, networkConnectionEnabled: false, pageLoadStrategy: normal, platformName: windows, proxy: Proxy(), se:cdp: ws://localhost:50916/devtoo..., se:cdpVersion: 130.0.2849.80, setWindowRect: true, strictFileInteractability: false, timeouts: {implicit: 0, pageLoad: 300000, script: 30000}, unhandledPromptBehavior: dismiss and notify, webauthn:extension:credBlob: true, webauthn:extension:largeBlob: true, webauthn:extension:minPinLength: true, webauthn:extension:prf: true, webauthn:virtualAuthenticators: true}
Element: [[EdgeDriver: MicrosoftEdge on windows (8532af3d07c6deaebc1c92a714f08d6d)] -&amp;gt; xpath: //span[@class=&amp;apos;a-button a-spacing-small a-button-primary a-button-icon&amp;apos;]]
Session ID: 8532af3d07c6deaebc1c92a714f08d6d">
      <![CDATA[org.openqa.selenium.ElementClickInterceptedException: element click intercepted: Element <span id="submit.add-to-cart" class="a-button a-spacing-small a-button-primary a-button-icon">...</span> is not clickable at point (1253, 585). Other element would receive the click: <div class="a-modal-scroller a-declarative" data-action="a-popover-floating-close" style="padding-bottom: 1px; visibility: visible;">...</div>
  (Session info: MicrosoftEdge=130.0.2849.80)
Build info: version: '4.25.0', revision: '8a8aea2337'
System info: os.name: 'Windows 10', os.arch: 'amd64', os.version: '10.0', java.version: '22.0.1'
Driver info: org.openqa.selenium.edge.EdgeDriver
Command: [8532af3d07c6deaebc1c92a714f08d6d, clickElement {id=f.E6A3E49586E7D253B0EDCF777A3D3AC5.d.6A1AF9C14F993F9C65B188775BD04D0E.e.115}]
Capabilities {acceptInsecureCerts: false, browserName: MicrosoftEdge, browserVersion: 130.0.2849.80, fedcm:accounts: true, ms:edgeOptions: {debuggerAddress: localhost:50916}, msedge: {msedgedriverVersion: 130.0.2849.80 (bbf5e2881b22..., userDataDir: C:\Users\Admin\AppData\Loca...}, networkConnectionEnabled: false, pageLoadStrategy: normal, platformName: windows, proxy: Proxy(), se:cdp: ws://localhost:50916/devtoo..., se:cdpVersion: 130.0.2849.80, setWindowRect: true, strictFileInteractability: false, timeouts: {implicit: 0, pageLoad: 300000, script: 30000}, unhandledPromptBehavior: dismiss and notify, webauthn:extension:credBlob: true, webauthn:extension:largeBlob: true, webauthn:extension:minPinLength: true, webauthn:extension:prf: true, webauthn:virtualAuthenticators: true}
Element: [[EdgeDriver: MicrosoftEdge on windows (8532af3d07c6deaebc1c92a714f08d6d)] -> xpath: //span[@class='a-button a-spacing-small a-button-primary a-button-icon']]
Session ID: 8532af3d07c6deaebc1c92a714f08d6d
at org.openqa.selenium.remote.ErrorCodec.decode(ErrorCodec.java:167)
at org.openqa.selenium.remote.codec.w3c.W3CHttpResponseCodec.decode(W3CHttpResponseCodec.java:138)
at org.openqa.selenium.remote.codec.w3c.W3CHttpResponseCodec.decode(W3CHttpResponseCodec.java:50)
at org.openqa.selenium.remote.HttpCommandExecutor.execute(HttpCommandExecutor.java:190)
at org.openqa.selenium.remote.service.DriverCommandExecutor.invokeExecute(DriverCommandExecutor.java:216)
at org.openqa.selenium.remote.service.DriverCommandExecutor.execute(DriverCommandExecutor.java:174)
at org.openqa.selenium.remote.RemoteWebDriver.execute(RemoteWebDriver.java:545)
at org.openqa.selenium.remote.RemoteWebElement.execute(RemoteWebElement.java:223)
at org.openqa.selenium.remote.RemoteWebElement.click(RemoteWebElement.java:76)
at org.openqa.selenium.support.pagefactory.internal.LocatingElementHandler.invoke(LocatingElementHandler.java:51)
at jdk.proxy2/jdk.proxy2.$Proxy9.click(Unknown Source)
at Source.Addtokart.addtokart(Addtokart.java:15)
at Test.TestCase4.wishlist(TestCase4.java:42)
at java.base/java.util.ArrayList.forEach(ArrayList.java:1597)
... Removed 34 stack frames]]>
    </failure>
  </testcase> <!-- wishlist -->
  <testcase classname="Test.TestCase2" name="searching" time="22.884">
    <failure type="org.openqa.selenium.ElementNotInteractableException" message="element not interactable
  (Session info: MicrosoftEdge=130.0.2849.80)
Build info: version: &amp;apos;4.25.0&amp;apos;, revision: &amp;apos;8a8aea2337&amp;apos;
System info: os.name: &amp;apos;Windows 10&amp;apos;, os.arch: &amp;apos;amd64&amp;apos;, os.version: &amp;apos;10.0&amp;apos;, java.version: &amp;apos;22.0.1&amp;apos;
Driver info: org.openqa.selenium.edge.EdgeDriver
Command: [b4fa4a57fe96204862c93f0d794dc3f7, clickElement {id=f.EF1920CFC884A09CA2F99F93E8BAFE51.d.CF5F8A58A73526F4170D06C877D8D69A.e.450}]
Capabilities {acceptInsecureCerts: false, browserName: MicrosoftEdge, browserVersion: 130.0.2849.80, fedcm:accounts: true, ms:edgeOptions: {debuggerAddress: localhost:51145}, msedge: {msedgedriverVersion: 130.0.2849.80 (bbf5e2881b22..., userDataDir: C:\Users\Admin\AppData\Loca...}, networkConnectionEnabled: false, pageLoadStrategy: normal, platformName: windows, proxy: Proxy(), se:cdp: ws://localhost:51145/devtoo..., se:cdpVersion: 130.0.2849.80, setWindowRect: true, strictFileInteractability: false, timeouts: {implicit: 0, pageLoad: 300000, script: 30000}, unhandledPromptBehavior: dismiss and notify, webauthn:extension:credBlob: true, webauthn:extension:largeBlob: true, webauthn:extension:minPinLength: true, webauthn:extension:prf: true, webauthn:virtualAuthenticators: true}
Element: [[EdgeDriver: MicrosoftEdge on windows (b4fa4a57fe96204862c93f0d794dc3f7)] -&amp;gt; xpath: (//span[@class=&amp;apos;nav-text&amp;apos;])[8]]
Session ID: b4fa4a57fe96204862c93f0d794dc3f7">
      <![CDATA[org.openqa.selenium.ElementNotInteractableException: element not interactable
  (Session info: MicrosoftEdge=130.0.2849.80)
Build info: version: '4.25.0', revision: '8a8aea2337'
System info: os.name: 'Windows 10', os.arch: 'amd64', os.version: '10.0', java.version: '22.0.1'
Driver info: org.openqa.selenium.edge.EdgeDriver
Command: [b4fa4a57fe96204862c93f0d794dc3f7, clickElement {id=f.EF1920CFC884A09CA2F99F93E8BAFE51.d.CF5F8A58A73526F4170D06C877D8D69A.e.450}]
Capabilities {acceptInsecureCerts: false, browserName: MicrosoftEdge, browserVersion: 130.0.2849.80, fedcm:accounts: true, ms:edgeOptions: {debuggerAddress: localhost:51145}, msedge: {msedgedriverVersion: 130.0.2849.80 (bbf5e2881b22..., userDataDir: C:\Users\Admin\AppData\Loca...}, networkConnectionEnabled: false, pageLoadStrategy: normal, platformName: windows, proxy: Proxy(), se:cdp: ws://localhost:51145/devtoo..., se:cdpVersion: 130.0.2849.80, setWindowRect: true, strictFileInteractability: false, timeouts: {implicit: 0, pageLoad: 300000, script: 30000}, unhandledPromptBehavior: dismiss and notify, webauthn:extension:credBlob: true, webauthn:extension:largeBlob: true, webauthn:extension:minPinLength: true, webauthn:extension:prf: true, webauthn:virtualAuthenticators: true}
Element: [[EdgeDriver: MicrosoftEdge on windows (b4fa4a57fe96204862c93f0d794dc3f7)] -> xpath: (//span[@class='nav-text'])[8]]
Session ID: b4fa4a57fe96204862c93f0d794dc3f7
at org.openqa.selenium.remote.ErrorCodec.decode(ErrorCodec.java:167)
at org.openqa.selenium.remote.codec.w3c.W3CHttpResponseCodec.decode(W3CHttpResponseCodec.java:138)
at org.openqa.selenium.remote.codec.w3c.W3CHttpResponseCodec.decode(W3CHttpResponseCodec.java:50)
at org.openqa.selenium.remote.HttpCommandExecutor.execute(HttpCommandExecutor.java:190)
at org.openqa.selenium.remote.service.DriverCommandExecutor.invokeExecute(DriverCommandExecutor.java:216)
at org.openqa.selenium.remote.service.DriverCommandExecutor.execute(DriverCommandExecutor.java:174)
at org.openqa.selenium.remote.RemoteWebDriver.execute(RemoteWebDriver.java:545)
at org.openqa.selenium.remote.RemoteWebElement.execute(RemoteWebElement.java:223)
at org.openqa.selenium.remote.RemoteWebElement.click(RemoteWebElement.java:76)
at org.openqa.selenium.support.pagefactory.internal.LocatingElementHandler.invoke(LocatingElementHandler.java:51)
at jdk.proxy2/jdk.proxy2.$Proxy9.click(Unknown Source)
at Source.Homepage.sign_out(Homepage.java:44)
at Test.TestCase2.searching(TestCase2.java:22)
at java.base/java.util.ArrayList.forEach(ArrayList.java:1597)
... Removed 34 stack frames]]>
    </failure>
  </testcase> <!-- searching -->
  <testcase classname="Test.TestCase3" name="wishlist" time="35.607">
    <failure type="org.openqa.selenium.ElementNotInteractableException" message="element not interactable
  (Session info: MicrosoftEdge=130.0.2849.80)
Build info: version: &amp;apos;4.25.0&amp;apos;, revision: &amp;apos;8a8aea2337&amp;apos;
System info: os.name: &amp;apos;Windows 10&amp;apos;, os.arch: &amp;apos;amd64&amp;apos;, os.version: &amp;apos;10.0&amp;apos;, java.version: &amp;apos;22.0.1&amp;apos;
Driver info: org.openqa.selenium.edge.EdgeDriver
Command: [d14001c596c6de9f88ccdff0d88615ad, clickElement {id=f.D0B485B8A956F71179CC9ADF15BE8739.d.3E79D5DA977C0174E0D8EF3DA0DB6D93.e.573}]
Capabilities {acceptInsecureCerts: false, browserName: MicrosoftEdge, browserVersion: 130.0.2849.80, fedcm:accounts: true, ms:edgeOptions: {debuggerAddress: localhost:51306}, msedge: {msedgedriverVersion: 130.0.2849.80 (bbf5e2881b22..., userDataDir: C:\Users\Admin\AppData\Loca...}, networkConnectionEnabled: false, pageLoadStrategy: normal, platformName: windows, proxy: Proxy(), se:cdp: ws://localhost:51306/devtoo..., se:cdpVersion: 130.0.2849.80, setWindowRect: true, strictFileInteractability: false, timeouts: {implicit: 0, pageLoad: 300000, script: 30000}, unhandledPromptBehavior: dismiss and notify, webauthn:extension:credBlob: true, webauthn:extension:largeBlob: true, webauthn:extension:minPinLength: true, webauthn:extension:prf: true, webauthn:virtualAuthenticators: true}
Element: [[EdgeDriver: MicrosoftEdge on windows (d14001c596c6de9f88ccdff0d88615ad)] -&amp;gt; xpath: (//span[@class=&amp;apos;nav-text&amp;apos;])[8]]
Session ID: d14001c596c6de9f88ccdff0d88615ad">
      <![CDATA[org.openqa.selenium.ElementNotInteractableException: element not interactable
  (Session info: MicrosoftEdge=130.0.2849.80)
Build info: version: '4.25.0', revision: '8a8aea2337'
System info: os.name: 'Windows 10', os.arch: 'amd64', os.version: '10.0', java.version: '22.0.1'
Driver info: org.openqa.selenium.edge.EdgeDriver
Command: [d14001c596c6de9f88ccdff0d88615ad, clickElement {id=f.D0B485B8A956F71179CC9ADF15BE8739.d.3E79D5DA977C0174E0D8EF3DA0DB6D93.e.573}]
Capabilities {acceptInsecureCerts: false, browserName: MicrosoftEdge, browserVersion: 130.0.2849.80, fedcm:accounts: true, ms:edgeOptions: {debuggerAddress: localhost:51306}, msedge: {msedgedriverVersion: 130.0.2849.80 (bbf5e2881b22..., userDataDir: C:\Users\Admin\AppData\Loca...}, networkConnectionEnabled: false, pageLoadStrategy: normal, platformName: windows, proxy: Proxy(), se:cdp: ws://localhost:51306/devtoo..., se:cdpVersion: 130.0.2849.80, setWindowRect: true, strictFileInteractability: false, timeouts: {implicit: 0, pageLoad: 300000, script: 30000}, unhandledPromptBehavior: dismiss and notify, webauthn:extension:credBlob: true, webauthn:extension:largeBlob: true, webauthn:extension:minPinLength: true, webauthn:extension:prf: true, webauthn:virtualAuthenticators: true}
Element: [[EdgeDriver: MicrosoftEdge on windows (d14001c596c6de9f88ccdff0d88615ad)] -> xpath: (//span[@class='nav-text'])[8]]
Session ID: d14001c596c6de9f88ccdff0d88615ad
at org.openqa.selenium.remote.ErrorCodec.decode(ErrorCodec.java:167)
at org.openqa.selenium.remote.codec.w3c.W3CHttpResponseCodec.decode(W3CHttpResponseCodec.java:138)
at org.openqa.selenium.remote.codec.w3c.W3CHttpResponseCodec.decode(W3CHttpResponseCodec.java:50)
at org.openqa.selenium.remote.HttpCommandExecutor.execute(HttpCommandExecutor.java:190)
at org.openqa.selenium.remote.service.DriverCommandExecutor.invokeExecute(DriverCommandExecutor.java:216)
at org.openqa.selenium.remote.service.DriverCommandExecutor.execute(DriverCommandExecutor.java:174)
at org.openqa.selenium.remote.RemoteWebDriver.execute(RemoteWebDriver.java:545)
at org.openqa.selenium.remote.RemoteWebElement.execute(RemoteWebElement.java:223)
at org.openqa.selenium.remote.RemoteWebElement.click(RemoteWebElement.java:76)
at org.openqa.selenium.support.pagefactory.internal.LocatingElementHandler.invoke(LocatingElementHandler.java:51)
at jdk.proxy2/jdk.proxy2.$Proxy9.click(Unknown Source)
at Source.Homepage.sign_out(Homepage.java:44)
at Test.TestCase3.wishlist(TestCase3.java:41)
at java.base/java.util.ArrayList.forEach(ArrayList.java:1597)
... Removed 34 stack frames]]>
    </failure>
  </testcase> <!-- wishlist -->
  <testcase classname="Test.TestCase1" name="LogintoAmazon" time="4.163"/>
</testsuite> <!-- Test -->
